[INFO] Scanning for projects...
[INFO] 
[INFO] --------------------------< com.edu:edupage >---------------------------
[INFO] Building edupage 1.0.0
[INFO]   from pom.xml
[INFO] --------------------------------[ jar ]---------------------------------
[INFO] 
[INFO] --- clean:3.3.2:clean (default-clean) @ edupage ---
[INFO] Deleting C:\Users\Adilkan\Documents\EdupageProject\backend\target
[INFO] 
[INFO] --- resources:3.3.1:resources (default-resources) @ edupage ---
[INFO] Copying 1 resource from src\main\resources to target\classes
[INFO] Copying 0 resource from src\main\resources to target\classes
[INFO] 
[INFO] --- compiler:3.11.0:compile (default-compile) @ edupage ---
[INFO] Changes detected - recompiling the module! :source
[INFO] Compiling 132 source files with javac [debug release 17] to target\classes
[INFO] Some messages have been simplified; recompile with -Xdiags:verbose to get full output
[INFO] -------------------------------------------------------------
[WARNING] COMPILATION WARNING : 
[INFO] -------------------------------------------------------------
[WARNING] /C:/Users/Adilkan/Documents/EdupageProject/backend/src/main/java/com/edu/edupage/dto/AuthResponse.java:[15,20] @Builder will ignore the initializing expression entirely. If you want the initializing expression to serve as default, add @Builder.Default. If it is not supposed to be settable during building, make the field final.
[INFO] 1 warning
[INFO] -------------------------------------------------------------
[INFO] -------------------------------------------------------------
[ERROR] COMPILATION ERROR : 
[INFO] -------------------------------------------------------------
[ERROR] /C:/Users/Adilkan/Documents/EdupageProject/backend/src/main/java/com/edu/edupage/service/ScheduleService.java:[56,48] incompatible types: java.lang.String cannot be converted to java.lang.Long
[ERROR] /C:/Users/Adilkan/Documents/EdupageProject/backend/src/main/java/com/edu/edupage/service/ScheduleService.java:[226,21] cannot find symbol
  symbol:   variable roomNumber
  location: class com.edu.edupage.service.ScheduleService
[ERROR] /C:/Users/Adilkan/Documents/EdupageProject/backend/src/main/java/com/edu/edupage/service/ScheduleService.java:[227,84] cannot find symbol
  symbol:   variable roomNumber
  location: class com.edu.edupage.service.ScheduleService
[ERROR] /C:/Users/Adilkan/Documents/EdupageProject/backend/src/main/java/com/edu/edupage/service/ScheduleService.java:[229,57] cannot find symbol
  symbol:   variable roomNumber
  location: class com.edu.edupage.service.ScheduleService
[ERROR] /C:/Users/Adilkan/Documents/EdupageProject/backend/src/main/java/com/edu/edupage/service/ScheduleService.java:[242,59] cannot find symbol
  symbol:   variable roomNumber
  location: class com.edu.edupage.service.ScheduleService
[ERROR] /C:/Users/Adilkan/Documents/EdupageProject/backend/src/main/java/com/edu/edupage/service/TeacherService.java:[59,39] cannot find symbol
  symbol:   method getRoom()
  location: variable schedule of type com.edu.edupage.entity.Schedule
[ERROR] /C:/Users/Adilkan/Documents/EdupageProject/backend/src/main/java/com/edu/edupage/service/TeacherService.java:[62,25] incompatible types: inference variable T has incompatible bounds
    equality constraints: com.edu.edupage.dto.ScheduleDTO
    lower bounds: java.lang.Object
[INFO] 7 errors 
[INFO] -------------------------------------------------------------
[INFO] ------------------------------------------------------------------------
[INFO] BUILD FAILURE
[INFO] ------------------------------------------------------------------------
[INFO] Total time:  16.462 s
[INFO] Finished at: 2026-02-05T22:28:03+06:00
[INFO] ------------------------------------------------------------------------
[ERROR] Failed to execute goal org.apache.maven.plugins:maven-compiler-plugin:3.11.0:compile (default-compile) on project edupage: Compilation failure: Compilation failure: 
[ERROR] /C:/Users/Adilkan/Documents/EdupageProject/backend/src/main/java/com/edu/edupage/service/ScheduleService.java:[56,48] incompatible types: java.lang.String cannot be converted to java.lang.Long
[ERROR] /C:/Users/Adilkan/Documents/EdupageProject/backend/src/main/java/com/edu/edupage/service/ScheduleService.java:[226,21] cannot find symbol
[ERROR]   symbol:   variable roomNumber
[ERROR]   location: class com.edu.edupage.service.ScheduleService
[ERROR] /C:/Users/Adilkan/Documents/EdupageProject/backend/src/main/java/com/edu/edupage/service/ScheduleService.java:[227,84] cannot find symbol
[ERROR]   symbol:   variable roomNumber
[ERROR]   location: class com.edu.edupage.service.ScheduleService
[ERROR] /C:/Users/Adilkan/Documents/EdupageProject/backend/src/main/java/com/edu/edupage/service/ScheduleService.java:[229,57] cannot find symbol
[ERROR]   symbol:   variable roomNumber
[ERROR]   location: class com.edu.edupage.service.ScheduleService
[ERROR] /C:/Users/Adilkan/Documents/EdupageProject/backend/src/main/java/com/edu/edupage/service/ScheduleService.java:[242,59] cannot find symbol
[ERROR]   symbol:   variable roomNumber
[ERROR]   location: class com.edu.edupage.service.ScheduleService
[ERROR] /C:/Users/Adilkan/Documents/EdupageProject/backend/src/main/java/com/edu/edupage/service/TeacherService.java:[59,39] cannot find symbol
[ERROR]   symbol:   method getRoom()
[ERROR]   location: variable schedule of type com.edu.edupage.entity.Schedule
[ERROR] /C:/Users/Adilkan/Documents/EdupageProject/backend/src/main/java/com/edu/edupage/service/TeacherService.java:[62,25] incompatible types: inference variable T has incompatible bounds
[ERROR]     equality constraints: com.edu.edupage.dto.ScheduleDTO
[ERROR]     lower bounds: java.lang.Object
[ERROR] -> [Help 1]
[ERROR] 
[ERROR] To see the full stack trace of the errors, re-run Maven with the -e switch.
[ERROR] Re-run Maven using the -X switch to enable full debug logging.
[ERROR] 
[ERROR] For more information about the errors and possible solutions, please read the following articles:
[ERROR] [Help 1] http://cwiki.apache.org/confluence/display/MAVEN/MojoFailureException
